[15:55:38][jomini_script_system.cpp:182]: Script system error!
  Error: has_province_modifier trigger [ Wrong scope for trigger: character, expected province ]
  Script location: file: common/character_interactions/revoke_holding.txt line: 35
[15:55:38][jomini_script_system.cpp:182]: Script system error!
  Error: has_province_modifier trigger [ Wrong scope for trigger: character, expected province ]
  Script location: file: common/character_interactions/revoke_holding.txt line: 36
[15:55:38][jomini_script_system.cpp:182]: Script system error!
  Error: has_province_modifier trigger [ Wrong scope for trigger: character, expected province ]
  Script location: file: common/character_interactions/revoke_holding.txt line: 35
[15:55:38][jomini_script_system.cpp:182]: Script system error!
  Error: has_province_modifier trigger [ Wrong scope for trigger: character, expected province ]
  Script location: file: common/character_interactions/revoke_holding.txt line: 36
[15:55:39][jomini_script_system.cpp:182]: Script system error!
  Error: has_province_modifier trigger [ Wrong scope for trigger: character, expected province ]
  Script location: file: common/character_interactions/revoke_holding.txt line: 35
[15:55:39][jomini_script_system.cpp:182]: Script system error!
  Error: has_province_modifier trigger [ Wrong scope for trigger: character, expected province ]
  Script location: file: common/character_interactions/revoke_holding.txt line: 36
[15:55:39][jomini_script_system.cpp:182]: Script system error!
  Error: has_province_modifier trigger [ Wrong scope for trigger: character, expected province ]
  Script location: file: common/character_interactions/revoke_holding.txt line: 35
[15:55:39][jomini_script_system.cpp:182]: Script system error!
  Error: has_province_modifier trigger [ Wrong scope for trigger: character, expected province ]
  Script location: file: common/character_interactions/revoke_holding.txt line: 36
[15:55:39][jomini_script_system.cpp:182]: Script system error!
  Error: has_province_modifier trigger [ Wrong scope for trigger: character, expected province ]
  Script location: file: common/character_interactions/revoke_holding.txt line: 35
[15:55:39][jomini_script_system.cpp:182]: Script system error!
  Error: has_province_modifier trigger [ Wrong scope for trigger: character, expected province ]
  Script location: file: common/character_interactions/revoke_holding.txt line: 36
[15:55:39][jomini_script_system.cpp:182]: Script system error!
  Error: has_province_modifier trigger [ Wrong scope for trigger: character, expected province ]
  Script location: file: common/character_interactions/revoke_holding.txt line: 35
[15:55:39][jomini_script_system.cpp:182]: Script system error!
  Error: has_province_modifier trigger [ Wrong scope for trigger: character, expected province ]
  Script location: file: common/character_interactions/revoke_holding.txt line: 36
[15:55:39][jomini_script_system.cpp:182]: Script system error!
  Error: has_province_modifier trigger [ Wrong scope for trigger: character, expected province ]
  Script location: file: common/character_interactions/revoke_holding.txt line: 35
[15:55:39][jomini_script_system.cpp:182]: Script system error!
  Error: has_province_modifier trigger [ Wrong scope for trigger: character, expected province ]
  Script location: file: common/character_interactions/revoke_holding.txt line: 36
[15:55:39][jomini_script_system.cpp:182]: Script system error!
  Error: has_province_modifier trigger [ Wrong scope for trigger: character, expected province ]
  Script location: file: common/character_interactions/revoke_holding.txt line: 35
[15:55:39][jomini_script_system.cpp:182]: Script system error!
  Error: has_province_modifier trigger [ Wrong scope for trigger: character, expected province ]
  Script location: file: common/character_interactions/revoke_holding.txt line: 36
[15:55:39][jomini_script_system.cpp:182]: Script system error!
  Error: has_province_modifier trigger [ Wrong scope for trigger: character, expected province ]
  Script location: file: common/character_interactions/revoke_holding.txt line: 35
[15:55:39][jomini_script_system.cpp:182]: Script system error!
  Error: has_province_modifier trigger [ Wrong scope for trigger: character, expected province ]
  Script location: file: common/character_interactions/revoke_holding.txt line: 36
[15:55:43][jomini_script_system.cpp:182]: Script system error!
  Error: has_province_modifier trigger [ Wrong scope for trigger: character, expected province ]
  Script location: file: common/character_interactions/revoke_holding.txt line: 35
[15:55:43][jomini_script_system.cpp:182]: Script system error!
  Error: has_province_modifier trigger [ Wrong scope for trigger: character, expected province ]
  Script location: file: common/character_interactions/revoke_holding.txt line: 36
[15:55:43][jomini_script_system.cpp:182]: Script system error!
  Error: has_province_modifier trigger [ Wrong scope for trigger: character, expected province ]
  Script location: file: common/character_interactions/revoke_holding.txt line: 35
[15:55:43][jomini_script_system.cpp:182]: Script system error!
  Error: has_province_modifier trigger [ Wrong scope for trigger: character, expected province ]
  Script location: file: common/character_interactions/revoke_holding.txt line: 36
[15:55:43][jomini_script_system.cpp:182]: Script system error!
  Error: has_province_modifier trigger [ Wrong scope for trigger: character, expected province ]
  Script location: file: common/character_interactions/revoke_holding.txt line: 35
[15:55:43][jomini_script_system.cpp:182]: Script system error!
  Error: has_province_modifier trigger [ Wrong scope for trigger: character, expected province ]
  Script location: file: common/character_interactions/revoke_holding.txt line: 36
[15:55:43][jomini_script_system.cpp:182]: Script system error!
  Error: has_province_modifier trigger [ Wrong scope for trigger: character, expected province ]
  Script location: file: common/character_interactions/revoke_holding.txt line: 35
[15:55:43][jomini_script_system.cpp:182]: Script system error!
  Error: has_province_modifier trigger [ Wrong scope for trigger: character, expected province ]
  Script location: file: common/character_interactions/revoke_holding.txt line: 36
[15:55:43][jomini_script_system.cpp:182]: Script system error!
  Error: has_province_modifier trigger [ Wrong scope for trigger: character, expected province ]
  Script location: file: common/character_interactions/revoke_holding.txt line: 35
[15:55:43][jomini_script_system.cpp:182]: Script system error!
  Error: has_province_modifier trigger [ Wrong scope for trigger: character, expected province ]
  Script location: file: common/character_interactions/revoke_holding.txt line: 36
[15:55:43][jomini_script_system.cpp:182]: Script system error!
  Error: has_province_modifier trigger [ Wrong scope for trigger: character, expected province ]
  Script location: file: common/character_interactions/revoke_holding.txt line: 35
[15:55:43][jomini_script_system.cpp:182]: Script system error!
  Error: has_province_modifier trigger [ Wrong scope for trigger: character, expected province ]
  Script location: file: common/character_interactions/revoke_holding.txt line: 36
[15:55:43][jomini_script_system.cpp:182]: Script system error!
  Error: has_province_modifier trigger [ Wrong scope for trigger: character, expected province ]
  Script location: file: common/character_interactions/revoke_holding.txt line: 35
[15:55:43][jomini_script_system.cpp:182]: Script system error!
  Error: has_province_modifier trigger [ Wrong scope for trigger: character, expected province ]
  Script location: file: common/character_interactions/revoke_holding.txt line: 36
[15:55:57][jomini_script_system.cpp:182]: Script system error!
  Error: start_civil_war effect [ Country MAS can not have a civil war ]
  Script location: file: events/trial.txt line: 927
